<?xml version="1.0" encoding="UTF-8"?>
<!-- Generated by org.testng.reporters.JUnitReportReporter -->
<testsuite skipped="0" hostname="LAPTOP-IF9KORVJ" name="NewAssignment" tests="1" failures="0" timestamp="24 Nov 2019 07:21:21 GMT" time="5.041" errors="0">
  <testcase name="chechUserId" time="5.041" classname="NewAssignment"/>
</testsuite> <!-- NewAssignment -->
